<?xml version="1.0" encoding="UTF-8"?>
<!-- Generated by org.testng.reporters.JUnitReportReporter -->
<testsuite skipped="0" hostname="Priyanka-PC" name="com.keywordframework.tests.TestHomepage" tests="21" failures="1" timestamp="03 Apr 2020 19:16:53 GMT" time="64.871" errors="0">
  <testcase name="tc_007" time="0.450" classname="com.keywordframework.tests.TestHomepage"/>
  <testcase name="tc_002" time="15.378" classname="com.keywordframework.tests.TestHomepage"/>
  <testcase name="tc_018" time="1.070" classname="com.keywordframework.tests.TestHomepage"/>
  <testcase name="tc_010" time="2.339" classname="com.keywordframework.tests.TestHomepage"/>
  <testcase name="tc_008" time="0.099" classname="com.keywordframework.tests.TestHomepage"/>
  <testcase name="tc_005" time="3.659" classname="com.keywordframework.tests.TestHomepage"/>
  <testcase name="tc_016" time="0.260" classname="com.keywordframework.tests.TestHomepage"/>
  <testcase name="tc_020" time="0.006" classname="com.keywordframework.tests.TestHomepage">
    <failure type="java.lang.AssertionError" message="expected [true] but found [false]">
      <![CDATA[java.lang.AssertionError: expected [true] but found [false]
at org.testng.Assert.fail(Assert.java:96)
at org.testng.Assert.failNotEquals(Assert.java:776)
at org.testng.Assert.assertEqualsImpl(Assert.java:137)
at org.testng.Assert.assertEquals(Assert.java:118)
at org.testng.Assert.assertEquals(Assert.java:568)
at org.testng.Assert.assertEquals(Assert.java:578)
at com.keywordframework.tests.TestHomepage.tc_020(TestHomepage.java:215)
at sun.reflect.NativeMethodAccessorImpl.invoke0(Native Method)
at sun.reflect.NativeMethodAccessorImpl.invoke(NativeMethodAccessorImpl.java:62)
at sun.reflect.DelegatingMethodAccessorImpl.invoke(DelegatingMethodAccessorImpl.java:43)
at java.lang.reflect.Method.invoke(Method.java:498)
at org.testng.internal.MethodInvocationHelper.invokeMethod(MethodInvocationHelper.java:124)
at org.testng.internal.Invoker.invokeMethod(Invoker.java:583)
at org.testng.internal.Invoker.invokeTestMethod(Invoker.java:719)
at org.testng.internal.Invoker.invokeTestMethods(Invoker.java:989)
at org.testng.internal.TestMethodWorker.invokeTestMethods(TestMethodWorker.java:125)
at org.testng.internal.TestMethodWorker.run(TestMethodWorker.java:109)
at org.testng.TestRunner.privateRun(TestRunner.java:648)
at org.testng.TestRunner.run(TestRunner.java:505)
at org.testng.SuiteRunner.runTest(SuiteRunner.java:455)
at org.testng.SuiteRunner.runSequentially(SuiteRunner.java:450)
at org.testng.SuiteRunner.privateRun(SuiteRunner.java:415)
at org.testng.SuiteRunner.run(SuiteRunner.java:364)
at org.testng.SuiteRunnerWorker.runSuite(SuiteRunnerWorker.java:52)
at org.testng.SuiteRunnerWorker.run(SuiteRunnerWorker.java:84)
at org.testng.TestNG.runSuitesSequentially(TestNG.java:1208)
at org.testng.TestNG.runSuitesLocally(TestNG.java:1137)
at org.testng.TestNG.runSuites(TestNG.java:1049)
at org.testng.TestNG.run(TestNG.java:1017)
at org.testng.remote.AbstractRemoteTestNG.run(AbstractRemoteTestNG.java:115)
at org.testng.remote.RemoteTestNG.initAndRun(RemoteTestNG.java:251)
at org.testng.remote.RemoteTestNG.main(RemoteTestNG.java:77)
]]>
    </failure>
  </testcase> <!-- tc_020 -->
  <testcase name="tc_004" time="0.323" classname="com.keywordframework.tests.TestHomepage"/>
  <testcase name="tc_001" time="8.324" classname="com.keywordframework.tests.TestHomepage"/>
  <testcase name="tc_015" time="0.219" classname="com.keywordframework.tests.TestHomepage"/>
  <testcase name="tc_017" time="2.716" classname="com.keywordframework.tests.TestHomepage"/>
  <testcase name="tc_021" time="2.356" classname="com.keywordframework.tests.TestHomepage"/>
  <testcase name="tc_006" time="1.629" classname="com.keywordframework.tests.TestHomepage"/>
  <testcase name="tc_011" time="4.666" classname="com.keywordframework.tests.TestHomepage"/>
  <testcase name="tc_013" time="0.501" classname="com.keywordframework.tests.TestHomepage"/>
  <testcase name="tc_003" time="0.040" classname="com.keywordframework.tests.TestHomepage"/>
  <testcase name="tc_012" time="0.099" classname="com.keywordframework.tests.TestHomepage"/>
  <testcase name="tc_014" time="3.000" classname="com.keywordframework.tests.TestHomepage"/>
  <testcase name="tc_019" time="0.896" classname="com.keywordframework.tests.TestHomepage"/>
  <testcase name="tc_009" time="16.841" classname="com.keywordframework.tests.TestHomepage"/>
</testsuite> <!-- com.keywordframework.tests.TestHomepage -->
